B02512,THR 1161,7778
B02765,THR 1347,9597
B02764,THR 18946,156165
B02682,THR 5899,50670
B02617,THR 7093,60281
B02598,THR 5161,44684
B02598,FRI 5133,44654
B02617,FRI 7020,61121
B02512,FRI 1135,7602
B02682,FRI 5994,52882
B02765,FRI 1387,10069
B02764,FRI 19106,161179
B02765,SAT 1252,11546
B02617,SAT 6586,67095
B02598,SAT 4713,48947
B02682,SAT 5653,59764
B02512,SAT 1016,7515
B02764,SAT 18029,188395
B02512,SUN 669,4606
B02682,SUN 3857,34546
B02598,SUN 3276,29061
B02765,SUN 877,6707
B02617,SUN 4742,41902
B02764,SUN 12638,111370
B02512,MON 776,4408
B02682,MON 4000,29712
B02617,MON 4683,33944
B02764,MON 12856,90468
B02598,MON 3437,25241
B02765,MON 974,5775
B02764,TUE 12404,93419
B02682,TUE 3865,30030
B02617,TUE 4624,36293
B02765,TUE 899,5602
B02512,TUE 785,4905
B02598,TUE 3286,25692
B02617,WED 5553,45352
B02682,WED 4676,38337
B02764,WED 14749,114980
B02765,WED 1101,6991
B02512,WED 927,5985
B02598,WED 4050,33379
